<?xml version="1.0" encoding="UTF-8"?>
<testng-results skipped="0" failed="0" total="3" passed="3">
  <reporter-output>
  </reporter-output>
  <suite name="Default suite" duration-ms="20264" started-at="2020-08-19T14:38:12Z" finished-at="2020-08-19T14:38:32Z">
    <groups>
    </groups>
    <test name="Default test" duration-ms="20264" started-at="2020-08-19T14:38:12Z" finished-at="2020-08-19T14:38:32Z">
      <class name="testPage.LoginScript">
        <test-method status="PASS" signature="LaunchApplication()[pri:0, instance:testPage.LoginScript@675d3402]" name="LaunchApplication" duration-ms="15052" started-at="2020-08-19T20:08:12Z" finished-at="2020-08-19T20:08:27Z">
          <reporter-output>
          </reporter-output>
        </test-method> <!-- LaunchApplication -->
        <test-method status="PASS" signature="LoginToTheApplication()[pri:0, instance:testPage.LoginScript@675d3402]" name="LoginToTheApplication" duration-ms="4523" started-at="2020-08-19T20:08:27Z" finished-at="2020-08-19T20:08:31Z">
          <reporter-output>
          </reporter-output>
        </test-method> <!-- LoginToTheApplication -->
        <test-method status="PASS" signature="quitTheBrowser()[pri:0, instance:testPage.LoginScript@675d3402]" name="quitTheBrowser" duration-ms="652" started-at="2020-08-19T20:08:31Z" finished-at="2020-08-19T20:08:32Z">
          <reporter-output>
          </reporter-output>
        </test-method> <!-- quitTheBrowser -->
      </class> <!-- testPage.LoginScript -->
    </test> <!-- Default test -->
  </suite> <!-- Default suite -->
</testng-results>
